0 info it worked if it ends with ok
1 verbose cli [ 'C:\\Program Files\\nodejs\\node.exe',
1 verbose cli   'C:\\Program Files\\nodejs\\node_modules\\npm\\bin\\npm-cli.js',
1 verbose cli   'install',
1 verbose cli   '--save',
1 verbose cli   'bcrypt' ]
2 info using npm@2.15.8
3 info using node@v4.4.7
4 verbose install initial load of C:\Users\Thodoris\Documents\GitHub\retrobook\package.json
5 warn package.json retrobook@1.0.0 No repository field.
6 verbose installManyTop reading scoped package data from C:\Users\Thodoris\Documents\GitHub\retrobook\node_modules\body-parser\package.json
7 verbose installManyTop reading scoped package data from C:\Users\Thodoris\Documents\GitHub\retrobook\node_modules\connect-flash\package.json
8 verbose installManyTop reading scoped package data from C:\Users\Thodoris\Documents\GitHub\retrobook\node_modules\cookie-parser\package.json
9 verbose installManyTop reading scoped package data from C:\Users\Thodoris\Documents\GitHub\retrobook\node_modules\ejs\package.json
10 verbose installManyTop reading scoped package data from C:\Users\Thodoris\Documents\GitHub\retrobook\node_modules\express\package.json
11 verbose installManyTop reading scoped package data from C:\Users\Thodoris\Documents\GitHub\retrobook\node_modules\express-session\package.json
12 verbose installManyTop reading scoped package data from C:\Users\Thodoris\Documents\GitHub\retrobook\node_modules\mongoose\package.json
13 verbose installManyTop reading scoped package data from C:\Users\Thodoris\Documents\GitHub\retrobook\node_modules\nodemon\package.json
14 verbose installManyTop reading scoped package data from C:\Users\Thodoris\Documents\GitHub\retrobook\node_modules\passport\package.json
15 info package.json connect-flash@0.1.1 No license field.
16 verbose readDependencies loading dependencies from C:\Users\Thodoris\Documents\GitHub\retrobook\package.json
17 silly cache add args [ 'bcrypt', null ]
18 verbose cache add spec bcrypt
19 silly cache add parsed spec Result {
19 silly cache add   raw: 'bcrypt',
19 silly cache add   scope: null,
19 silly cache add   name: 'bcrypt',
19 silly cache add   rawSpec: '',
19 silly cache add   spec: 'latest',
19 silly cache add   type: 'tag' }
20 silly addNamed bcrypt@latest
21 verbose addNamed "latest" is being treated as a dist-tag for bcrypt
22 info addNameTag [ 'bcrypt', 'latest' ]
23 silly mapToRegistry name bcrypt
24 silly mapToRegistry using default registry
25 silly mapToRegistry registry https://registry.npmjs.org/
26 silly mapToRegistry data Result {
26 silly mapToRegistry   raw: 'bcrypt',
26 silly mapToRegistry   scope: null,
26 silly mapToRegistry   name: 'bcrypt',
26 silly mapToRegistry   rawSpec: '',
26 silly mapToRegistry   spec: 'latest',
26 silly mapToRegistry   type: 'tag' }
27 silly mapToRegistry uri https://registry.npmjs.org/bcrypt
28 verbose addNameTag registry:https://registry.npmjs.org/bcrypt not in flight; fetching
29 verbose request uri https://registry.npmjs.org/bcrypt
30 verbose request no auth needed
31 info attempt registry request try #1 at 13:27:11
32 verbose request id 2cb300fa8078b56c
33 http request GET https://registry.npmjs.org/bcrypt
34 http 200 https://registry.npmjs.org/bcrypt
35 verbose headers { server: 'CouchDB/1.5.0 (Erlang OTP/R16B03)',
35 verbose headers   etag: '"7W1DI6ICFDHADONHPXMALJMKD"',
35 verbose headers   'content-type': 'application/json',
35 verbose headers   'content-encoding': 'gzip',
35 verbose headers   'cache-control': 'max-age=300',
35 verbose headers   'content-length': '11896',
35 verbose headers   'accept-ranges': 'bytes',
35 verbose headers   date: 'Fri, 23 Sep 2016 10:27:11 GMT',
35 verbose headers   via: '1.1 varnish',
35 verbose headers   age: '140',
35 verbose headers   connection: 'keep-alive',
35 verbose headers   'x-served-by': 'cache-fra1230-FRA',
35 verbose headers   'x-cache': 'HIT',
35 verbose headers   'x-cache-hits': '1',
35 verbose headers   'x-timer': 'S1474626431.037221,VS0,VE0',
35 verbose headers   vary: 'Accept-Encoding' }
36 silly get cb [ 200,
36 silly get   { server: 'CouchDB/1.5.0 (Erlang OTP/R16B03)',
36 silly get     etag: '"7W1DI6ICFDHADONHPXMALJMKD"',
36 silly get     'content-type': 'application/json',
36 silly get     'content-encoding': 'gzip',
36 silly get     'cache-control': 'max-age=300',
36 silly get     'content-length': '11896',
36 silly get     'accept-ranges': 'bytes',
36 silly get     date: 'Fri, 23 Sep 2016 10:27:11 GMT',
36 silly get     via: '1.1 varnish',
36 silly get     age: '140',
36 silly get     connection: 'keep-alive',
36 silly get     'x-served-by': 'cache-fra1230-FRA',
36 silly get     'x-cache': 'HIT',
36 silly get     'x-cache-hits': '1',
36 silly get     'x-timer': 'S1474626431.037221,VS0,VE0',
36 silly get     vary: 'Accept-Encoding' } ]
37 verbose get saving bcrypt to C:\Users\Thodoris\AppData\Roaming\npm-cache\registry.npmjs.org\bcrypt\.cache.json
38 verbose correctMkdir C:\Users\Thodoris\AppData\Roaming\npm-cache correctMkdir not in flight; initializing
39 silly addNameTag next cb for bcrypt with tag latest
40 silly addNamed bcrypt@0.8.7
41 verbose addNamed "0.8.7" is a plain semver version for bcrypt
42 silly mapToRegistry name bcrypt
43 silly mapToRegistry using default registry
44 silly mapToRegistry registry https://registry.npmjs.org/
45 silly mapToRegistry data Result {
45 silly mapToRegistry   raw: 'bcrypt',
45 silly mapToRegistry   scope: null,
45 silly mapToRegistry   name: 'bcrypt',
45 silly mapToRegistry   rawSpec: '',
45 silly mapToRegistry   spec: 'latest',
45 silly mapToRegistry   type: 'tag' }
46 silly mapToRegistry uri https://registry.npmjs.org/bcrypt
47 verbose addRemoteTarball https://registry.npmjs.org/bcrypt/-/bcrypt-0.8.7.tgz not in flight; adding
48 verbose addRemoteTarball [ 'https://registry.npmjs.org/bcrypt/-/bcrypt-0.8.7.tgz',
48 verbose addRemoteTarball   'bc3875a9afd0a7b2cd231a6a7f218a5ce156b093' ]
49 info retry fetch attempt 1 at 13:27:11
50 info attempt registry request try #1 at 13:27:11
51 http fetch GET https://registry.npmjs.org/bcrypt/-/bcrypt-0.8.7.tgz
52 http fetch 200 https://registry.npmjs.org/bcrypt/-/bcrypt-0.8.7.tgz
53 silly fetchAndShaCheck shasum bc3875a9afd0a7b2cd231a6a7f218a5ce156b093
54 verbose addTmpTarball C:\Users\Thodoris\AppData\Local\Temp\npm-5448-d38fdb0b\registry.npmjs.org\bcrypt\-\bcrypt-0.8.7.tgz not in flight; adding
55 verbose addTmpTarball already have metadata; skipping unpack for bcrypt@0.8.7
56 verbose correctMkdir C:\Users\Thodoris\AppData\Roaming\npm-cache correctMkdir not in flight; initializing
57 silly cache afterAdd bcrypt@0.8.7
58 verbose afterAdd C:\Users\Thodoris\AppData\Roaming\npm-cache\bcrypt\0.8.7\package\package.json not in flight; writing
59 verbose correctMkdir C:\Users\Thodoris\AppData\Roaming\npm-cache correctMkdir not in flight; initializing
60 verbose afterAdd C:\Users\Thodoris\AppData\Roaming\npm-cache\bcrypt\0.8.7\package\package.json written
61 silly install resolved [ { name: 'bcrypt',
61 silly install resolved     description: 'A bcrypt library for NodeJS.',
61 silly install resolved     keywords:
61 silly install resolved      [ 'bcrypt',
61 silly install resolved        'password',
61 silly install resolved        'auth',
61 silly install resolved        'authentication',
61 silly install resolved        'encryption',
61 silly install resolved        'crypt',
61 silly install resolved        'crypto' ],
61 silly install resolved     main: './bcrypt',
61 silly install resolved     version: '0.8.7',
61 silly install resolved     author: { name: 'Nick Campbell', url: 'https://github.com/ncb000gt' },
61 silly install resolved     engines: { node: '>= 0.6.0' },
61 silly install resolved     repository:
61 silly install resolved      { type: 'git',
61 silly install resolved        url: 'git+https://github.com/ncb000gt/node.bcrypt.js.git' },
61 silly install resolved     license: 'MIT',
61 silly install resolved     bugs: { url: 'https://github.com/ncb000gt/node.bcrypt.js/issues' },
61 silly install resolved     scripts:
61 silly install resolved      { test: 'node-gyp configure build && nodeunit test',
61 silly install resolved        install: 'node-gyp rebuild' },
61 silly install resolved     dependencies: { bindings: '1.2.1', nan: '2.3.5' },
61 silly install resolved     devDependencies: { nodeunit: '~0.9.1' },
61 silly install resolved     contributors:
61 silly install resolved      [ [Object],
61 silly install resolved        [Object],
61 silly install resolved        [Object],
61 silly install resolved        [Object],
61 silly install resolved        [Object],
61 silly install resolved        [Object],
61 silly install resolved        [Object],
61 silly install resolved        [Object],
61 silly install resolved        [Object],
61 silly install resolved        [Object],
61 silly install resolved        [Object],
61 silly install resolved        [Object],
61 silly install resolved        [Object],
61 silly install resolved        [Object] ],
61 silly install resolved     gypfile: true,
61 silly install resolved     gitHead: '0dc9b78dab6980d129b77d1df723aa44daa7deb4',
61 silly install resolved     homepage: 'https://github.com/ncb000gt/node.bcrypt.js#readme',
61 silly install resolved     _id: 'bcrypt@0.8.7',
61 silly install resolved     _shasum: 'bc3875a9afd0a7b2cd231a6a7f218a5ce156b093',
61 silly install resolved     _from: 'bcrypt@latest',
61 silly install resolved     _npmVersion: '3.8.9',
61 silly install resolved     _nodeVersion: '6.2.0',
61 silly install resolved     _npmUser: { name: 'defunctzombie', email: 'shtylman@gmail.com' },
61 silly install resolved     dist:
61 silly install resolved      { shasum: 'bc3875a9afd0a7b2cd231a6a7f218a5ce156b093',
61 silly install resolved        tarball: 'https://registry.npmjs.org/bcrypt/-/bcrypt-0.8.7.tgz' },
61 silly install resolved     maintainers: [ [Object], [Object], [Object], [Object] ],
61 silly install resolved     _npmOperationalInternal:
61 silly install resolved      { host: 'packages-12-west.internal.npmjs.com',
61 silly install resolved        tmp: 'tmp/bcrypt-0.8.7.tgz_1465526713712_0.05265477881766856' },
61 silly install resolved     directories: {},
61 silly install resolved     _resolved: 'https://registry.npmjs.org/bcrypt/-/bcrypt-0.8.7.tgz' } ]
62 info install bcrypt@0.8.7 into C:\Users\Thodoris\Documents\GitHub\retrobook
63 info installOne bcrypt@0.8.7
64 verbose installOne of bcrypt to C:\Users\Thodoris\Documents\GitHub\retrobook not in flight; installing
65 verbose correctMkdir C:\Users\Thodoris\AppData\Roaming\npm-cache\_locks correctMkdir not in flight; initializing
66 verbose lock using C:\Users\Thodoris\AppData\Roaming\npm-cache\_locks\bcrypt-9446ae690d4ceb72.lock for C:\Users\Thodoris\Documents\GitHub\retrobook\node_modules\bcrypt
67 silly install write writing bcrypt 0.8.7 to C:\Users\Thodoris\Documents\GitHub\retrobook\node_modules\bcrypt
68 verbose unbuild node_modules\bcrypt
69 silly gentlyRm C:\Users\Thodoris\Documents\GitHub\retrobook\node_modules\bcrypt is being purged from base C:\Users\Thodoris\Documents\GitHub\retrobook
70 verbose gentlyRm don't care about contents; nuking C:\Users\Thodoris\Documents\GitHub\retrobook\node_modules\bcrypt
71 verbose tar unpack C:\Users\Thodoris\AppData\Roaming\npm-cache\bcrypt\0.8.7\package.tgz
72 verbose tar unpacking to C:\Users\Thodoris\Documents\GitHub\retrobook\node_modules\bcrypt
73 silly gentlyRm C:\Users\Thodoris\Documents\GitHub\retrobook\node_modules\bcrypt is being purged
74 verbose gentlyRm don't care about contents; nuking C:\Users\Thodoris\Documents\GitHub\retrobook\node_modules\bcrypt
75 silly gunzTarPerm modes [ '777', '666' ]
76 silly gunzTarPerm extractEntry package.json
77 silly gunzTarPerm modified mode [ 'package.json', 420, 438 ]
78 silly gunzTarPerm extractEntry .npmignore
79 silly gunzTarPerm modified mode [ '.npmignore', 420, 438 ]
80 silly gunzTarPerm extractEntry README.md
81 silly gunzTarPerm modified mode [ 'README.md', 420, 438 ]
82 silly gunzTarPerm extractEntry LICENSE
83 silly gunzTarPerm modified mode [ 'LICENSE', 420, 438 ]
84 silly gunzTarPerm extractEntry bcrypt.js
85 silly gunzTarPerm modified mode [ 'bcrypt.js', 420, 438 ]
86 silly gunzTarPerm extractEntry Makefile
87 silly gunzTarPerm modified mode [ 'Makefile', 420, 438 ]
88 silly gunzTarPerm extractEntry .travis.yml
89 silly gunzTarPerm modified mode [ '.travis.yml', 420, 438 ]
90 silly gunzTarPerm extractEntry CHANGELOG.md
91 silly gunzTarPerm modified mode [ 'CHANGELOG.md', 420, 438 ]
92 silly gunzTarPerm extractEntry binding.gyp
93 silly gunzTarPerm modified mode [ 'binding.gyp', 420, 438 ]
94 silly gunzTarPerm extractEntry examples/async_compare.js
95 silly gunzTarPerm modified mode [ 'examples/async_compare.js', 420, 438 ]
96 silly gunzTarPerm extractEntry examples/forever_gen_salt.js
97 silly gunzTarPerm modified mode [ 'examples/forever_gen_salt.js', 420, 438 ]
98 silly gunzTarPerm extractEntry test/async.js
99 silly gunzTarPerm modified mode [ 'test/async.js', 420, 438 ]
100 silly gunzTarPerm extractEntry test/repetitions.js
101 silly gunzTarPerm modified mode [ 'test/repetitions.js', 420, 438 ]
102 silly gunzTarPerm extractEntry test/sync.js
103 silly gunzTarPerm modified mode [ 'test/sync.js', 420, 438 ]
104 silly gunzTarPerm extractEntry ISSUE_TEMPLATE.md
105 silly gunzTarPerm modified mode [ 'ISSUE_TEMPLATE.md', 420, 438 ]
106 silly gunzTarPerm extractEntry src/bcrypt.cc
107 silly gunzTarPerm modified mode [ 'src/bcrypt.cc', 420, 438 ]
108 silly gunzTarPerm extractEntry src/bcrypt_node.cc
109 silly gunzTarPerm modified mode [ 'src/bcrypt_node.cc', 420, 438 ]
110 silly gunzTarPerm extractEntry src/blowfish.cc
111 silly gunzTarPerm modified mode [ 'src/blowfish.cc', 420, 438 ]
112 silly gunzTarPerm extractEntry src/node_blf.h
113 silly gunzTarPerm modified mode [ 'src/node_blf.h', 420, 438 ]
114 silly gunzTarPerm extractEntry werker.yml
115 silly gunzTarPerm modified mode [ 'werker.yml', 420, 438 ]
116 verbose write writing to C:\Users\Thodoris\Documents\GitHub\retrobook\node_modules\bcrypt\package.json
117 info preinstall bcrypt@0.8.7
118 verbose readDependencies loading dependencies from C:\Users\Thodoris\Documents\GitHub\retrobook\node_modules\bcrypt\package.json
119 silly prepareForInstallMany adding bindings@1.2.1 from bcrypt dependencies
120 silly prepareForInstallMany adding nan@2.3.5 from bcrypt dependencies
121 verbose readDependencies loading dependencies from C:\Users\Thodoris\Documents\GitHub\retrobook\node_modules\bcrypt\package.json
122 silly cache add args [ 'bindings@1.2.1', null ]
123 verbose cache add spec bindings@1.2.1
124 silly cache add args [ 'nan@2.3.5', null ]
125 verbose cache add spec nan@2.3.5
126 silly cache add parsed spec Result {
126 silly cache add   raw: 'bindings@1.2.1',
126 silly cache add   scope: null,
126 silly cache add   name: 'bindings',
126 silly cache add   rawSpec: '1.2.1',
126 silly cache add   spec: '1.2.1',
126 silly cache add   type: 'version' }
127 silly addNamed bindings@1.2.1
128 verbose addNamed "1.2.1" is a plain semver version for bindings
129 silly mapToRegistry name bindings
130 silly mapToRegistry using default registry
131 silly mapToRegistry registry https://registry.npmjs.org/
132 silly mapToRegistry data Result {
132 silly mapToRegistry   raw: 'bindings',
132 silly mapToRegistry   scope: null,
132 silly mapToRegistry   name: 'bindings',
132 silly mapToRegistry   rawSpec: '',
132 silly mapToRegistry   spec: 'latest',
132 silly mapToRegistry   type: 'tag' }
133 silly mapToRegistry uri https://registry.npmjs.org/bindings
134 verbose addNameVersion registry:https://registry.npmjs.org/bindings not in flight; fetching
135 silly cache add parsed spec Result {
135 silly cache add   raw: 'nan@2.3.5',
135 silly cache add   scope: null,
135 silly cache add   name: 'nan',
135 silly cache add   rawSpec: '2.3.5',
135 silly cache add   spec: '2.3.5',
135 silly cache add   type: 'version' }
136 silly addNamed nan@2.3.5
137 verbose addNamed "2.3.5" is a plain semver version for nan
138 silly mapToRegistry name nan
139 silly mapToRegistry using default registry
140 silly mapToRegistry registry https://registry.npmjs.org/
141 silly mapToRegistry data Result {
141 silly mapToRegistry   raw: 'nan',
141 silly mapToRegistry   scope: null,
141 silly mapToRegistry   name: 'nan',
141 silly mapToRegistry   rawSpec: '',
141 silly mapToRegistry   spec: 'latest',
141 silly mapToRegistry   type: 'tag' }
142 silly mapToRegistry uri https://registry.npmjs.org/nan
143 verbose addNameVersion registry:https://registry.npmjs.org/nan not in flight; fetching
144 verbose request uri https://registry.npmjs.org/bindings
145 verbose request no auth needed
146 info attempt registry request try #1 at 13:27:12
147 verbose etag "33TX4J3DNTGF7K41ZUV6OA182"
148 http request GET https://registry.npmjs.org/bindings
149 verbose request uri https://registry.npmjs.org/nan
150 verbose request no auth needed
151 info attempt registry request try #1 at 13:27:12
152 verbose etag "1OOZJAUMBQC59OINHZGMRRCSL"
153 http request GET https://registry.npmjs.org/nan
154 http 200 https://registry.npmjs.org/bindings
155 verbose headers { server: 'CouchDB/1.5.0 (Erlang OTP/R16B03)',
155 verbose headers   etag: '"C1AW6UVQGY4VZQGFC1WTIGMDV"',
155 verbose headers   'content-type': 'application/json',
155 verbose headers   'content-encoding': 'gzip',
155 verbose headers   'cache-control': 'max-age=300',
155 verbose headers   'content-length': '3811',
155 verbose headers   'accept-ranges': 'bytes',
155 verbose headers   date: 'Fri, 23 Sep 2016 10:27:11 GMT',
155 verbose headers   via: '1.1 varnish',
155 verbose headers   age: '222',
155 verbose headers   connection: 'keep-alive',
155 verbose headers   'x-served-by': 'cache-fra1230-FRA',
155 verbose headers   'x-cache': 'HIT',
155 verbose headers   'x-cache-hits': '4',
155 verbose headers   'x-timer': 'S1474626431.631485,VS0,VE0',
155 verbose headers   vary: 'Accept-Encoding' }
156 silly get cb [ 200,
156 silly get   { server: 'CouchDB/1.5.0 (Erlang OTP/R16B03)',
156 silly get     etag: '"C1AW6UVQGY4VZQGFC1WTIGMDV"',
156 silly get     'content-type': 'application/json',
156 silly get     'content-encoding': 'gzip',
156 silly get     'cache-control': 'max-age=300',
156 silly get     'content-length': '3811',
156 silly get     'accept-ranges': 'bytes',
156 silly get     date: 'Fri, 23 Sep 2016 10:27:11 GMT',
156 silly get     via: '1.1 varnish',
156 silly get     age: '222',
156 silly get     connection: 'keep-alive',
156 silly get     'x-served-by': 'cache-fra1230-FRA',
156 silly get     'x-cache': 'HIT',
156 silly get     'x-cache-hits': '4',
156 silly get     'x-timer': 'S1474626431.631485,VS0,VE0',
156 silly get     vary: 'Accept-Encoding' } ]
157 verbose get saving bindings to C:\Users\Thodoris\AppData\Roaming\npm-cache\registry.npmjs.org\bindings\.cache.json
158 verbose correctMkdir C:\Users\Thodoris\AppData\Roaming\npm-cache correctMkdir not in flight; initializing
159 silly mapToRegistry name bindings
160 silly mapToRegistry using default registry
161 silly mapToRegistry registry https://registry.npmjs.org/
162 silly mapToRegistry data Result {
162 silly mapToRegistry   raw: 'bindings',
162 silly mapToRegistry   scope: null,
162 silly mapToRegistry   name: 'bindings',
162 silly mapToRegistry   rawSpec: '',
162 silly mapToRegistry   spec: 'latest',
162 silly mapToRegistry   type: 'tag' }
163 silly mapToRegistry uri https://registry.npmjs.org/bindings
164 verbose addRemoteTarball https://registry.npmjs.org/bindings/-/bindings-1.2.1.tgz not in flight; adding
165 verbose addRemoteTarball [ 'https://registry.npmjs.org/bindings/-/bindings-1.2.1.tgz',
165 verbose addRemoteTarball   '14ad6113812d2d37d72e67b4cacb4bb726505f11' ]
166 info retry fetch attempt 1 at 13:27:12
167 info attempt registry request try #1 at 13:27:12
168 http fetch GET https://registry.npmjs.org/bindings/-/bindings-1.2.1.tgz
169 http fetch 200 https://registry.npmjs.org/bindings/-/bindings-1.2.1.tgz
170 silly fetchAndShaCheck shasum 14ad6113812d2d37d72e67b4cacb4bb726505f11
171 verbose addTmpTarball C:\Users\Thodoris\AppData\Local\Temp\npm-5448-d38fdb0b\registry.npmjs.org\bindings\-\bindings-1.2.1.tgz not in flight; adding
172 verbose addTmpTarball already have metadata; skipping unpack for bindings@1.2.1
173 verbose correctMkdir C:\Users\Thodoris\AppData\Roaming\npm-cache correctMkdir not in flight; initializing
174 silly cache afterAdd bindings@1.2.1
175 verbose afterAdd C:\Users\Thodoris\AppData\Roaming\npm-cache\bindings\1.2.1\package\package.json not in flight; writing
176 verbose correctMkdir C:\Users\Thodoris\AppData\Roaming\npm-cache correctMkdir not in flight; initializing
177 verbose afterAdd C:\Users\Thodoris\AppData\Roaming\npm-cache\bindings\1.2.1\package\package.json written
178 http 200 https://registry.npmjs.org/nan
179 verbose headers { server: 'CouchDB/1.6.1 (Erlang OTP/R16B03)',
179 verbose headers   etag: '"1YJEPM5V4XH0MZT0HV3B8R9BB"',
179 verbose headers   'content-type': 'application/json',
179 verbose headers   'content-encoding': 'gzip',
179 verbose headers   'cache-control': 'max-age=300',
179 verbose headers   'content-length': '17162',
179 verbose headers   'accept-ranges': 'bytes',
179 verbose headers   date: 'Fri, 23 Sep 2016 10:27:11 GMT',
179 verbose headers   via: '1.1 varnish',
179 verbose headers   age: '110',
179 verbose headers   connection: 'keep-alive',
179 verbose headers   'x-served-by': 'cache-fra1237-FRA',
179 verbose headers   'x-cache': 'HIT',
179 verbose headers   'x-cache-hits': '4',
179 verbose headers   'x-timer': 'S1474626431.802116,VS0,VE0',
179 verbose headers   vary: 'Accept-Encoding' }
180 silly get cb [ 200,
180 silly get   { server: 'CouchDB/1.6.1 (Erlang OTP/R16B03)',
180 silly get     etag: '"1YJEPM5V4XH0MZT0HV3B8R9BB"',
180 silly get     'content-type': 'application/json',
180 silly get     'content-encoding': 'gzip',
180 silly get     'cache-control': 'max-age=300',
180 silly get     'content-length': '17162',
180 silly get     'accept-ranges': 'bytes',
180 silly get     date: 'Fri, 23 Sep 2016 10:27:11 GMT',
180 silly get     via: '1.1 varnish',
180 silly get     age: '110',
180 silly get     connection: 'keep-alive',
180 silly get     'x-served-by': 'cache-fra1237-FRA',
180 silly get     'x-cache': 'HIT',
180 silly get     'x-cache-hits': '4',
180 silly get     'x-timer': 'S1474626431.802116,VS0,VE0',
180 silly get     vary: 'Accept-Encoding' } ]
181 verbose get saving nan to C:\Users\Thodoris\AppData\Roaming\npm-cache\registry.npmjs.org\nan\.cache.json
182 verbose correctMkdir C:\Users\Thodoris\AppData\Roaming\npm-cache correctMkdir not in flight; initializing
183 silly mapToRegistry name nan
184 silly mapToRegistry using default registry
185 silly mapToRegistry registry https://registry.npmjs.org/
186 silly mapToRegistry data Result {
186 silly mapToRegistry   raw: 'nan',
186 silly mapToRegistry   scope: null,
186 silly mapToRegistry   name: 'nan',
186 silly mapToRegistry   rawSpec: '',
186 silly mapToRegistry   spec: 'latest',
186 silly mapToRegistry   type: 'tag' }
187 silly mapToRegistry uri https://registry.npmjs.org/nan
188 verbose addRemoteTarball https://registry.npmjs.org/nan/-/nan-2.3.5.tgz not in flight; adding
189 verbose addRemoteTarball [ 'https://registry.npmjs.org/nan/-/nan-2.3.5.tgz',
189 verbose addRemoteTarball   '822a0dc266290ce4cd3a12282ca3e7e364668a08' ]
190 info retry fetch attempt 1 at 13:27:12
191 info attempt registry request try #1 at 13:27:12
192 http fetch GET https://registry.npmjs.org/nan/-/nan-2.3.5.tgz
193 http fetch 200 https://registry.npmjs.org/nan/-/nan-2.3.5.tgz
194 silly fetchAndShaCheck shasum 822a0dc266290ce4cd3a12282ca3e7e364668a08
195 verbose addTmpTarball C:\Users\Thodoris\AppData\Local\Temp\npm-5448-d38fdb0b\registry.npmjs.org\nan\-\nan-2.3.5.tgz not in flight; adding
196 verbose addTmpTarball already have metadata; skipping unpack for nan@2.3.5
197 verbose correctMkdir C:\Users\Thodoris\AppData\Roaming\npm-cache correctMkdir not in flight; initializing
198 silly cache afterAdd nan@2.3.5
199 verbose afterAdd C:\Users\Thodoris\AppData\Roaming\npm-cache\nan\2.3.5\package\package.json not in flight; writing
200 verbose correctMkdir C:\Users\Thodoris\AppData\Roaming\npm-cache correctMkdir not in flight; initializing
201 verbose afterAdd C:\Users\Thodoris\AppData\Roaming\npm-cache\nan\2.3.5\package\package.json written
202 silly install resolved [ { name: 'bindings',
202 silly install resolved     description: 'Helper module for loading your native module\'s .node file',
202 silly install resolved     keywords: [ 'native', 'addon', 'bindings', 'gyp', 'waf', 'c', 'c++' ],
202 silly install resolved     version: '1.2.1',
202 silly install resolved     author:
202 silly install resolved      { name: 'Nathan Rajlich',
202 silly install resolved        email: 'nathan@tootallnate.net',
202 silly install resolved        url: 'http://tootallnate.net' },
202 silly install resolved     repository:
202 silly install resolved      { type: 'git',
202 silly install resolved        url: 'git://github.com/TooTallNate/node-bindings.git' },
202 silly install resolved     main: './bindings.js',
202 silly install resolved     bugs: { url: 'https://github.com/TooTallNate/node-bindings/issues' },
202 silly install resolved     homepage: 'https://github.com/TooTallNate/node-bindings',
202 silly install resolved     license: 'MIT',
202 silly install resolved     gitHead: 'e404152ee27f8478ccbc7122ee051246e8e5ec02',
202 silly install resolved     _id: 'bindings@1.2.1',
202 silly install resolved     scripts: {},
202 silly install resolved     _shasum: '14ad6113812d2d37d72e67b4cacb4bb726505f11',
202 silly install resolved     _from: 'bindings@1.2.1',
202 silly install resolved     _npmVersion: '1.4.14',
202 silly install resolved     _npmUser: { name: 'tootallnate', email: 'nathan@tootallnate.net' },
202 silly install resolved     maintainers: [ [Object], [Object] ],
202 silly install resolved     dist:
202 silly install resolved      { shasum: '14ad6113812d2d37d72e67b4cacb4bb726505f11',
202 silly install resolved        tarball: 'https://registry.npmjs.org/bindings/-/bindings-1.2.1.tgz' },
202 silly install resolved     directories: {},
202 silly install resolved     _resolved: 'https://registry.npmjs.org/bindings/-/bindings-1.2.1.tgz' },
202 silly install resolved   { name: 'nan',
202 silly install resolved     version: '2.3.5',
202 silly install resolved     description: 'Native Abstractions for Node.js: C++ header for Node 0.8 -> 6 compatibility',
202 silly install resolved     main: 'include_dirs.js',
202 silly install resolved     repository: { type: 'git', url: 'git://github.com/nodejs/nan.git' },
202 silly install resolved     scripts:
202 silly install resolved      { test: 'tap --gc --stderr test/js/*-test.js',
202 silly install resolved        'rebuild-tests': 'node-gyp rebuild --msvs_version=2013 --directory test',
202 silly install resolved        docs: 'doc/.build.sh' },
202 silly install resolved     contributors:
202 silly install resolved      [ [Object],
202 silly install resolved        [Object],
202 silly install resolved        [Object],
202 silly install resolved        [Object],
202 silly install resolved        [Object],
202 silly install resolved        [Object],
202 silly install resolved        [Object] ],
202 silly install resolved     devDependencies:
202 silly install resolved      { bindings: '~1.2.1',
202 silly install resolved        commander: '^2.8.1',
202 silly install resolved        glob: '^5.0.14',
202 silly install resolved        'node-gyp': '~3.0.1',
202 silly install resolved        tap: '~0.7.1',
202 silly install resolved        xtend: '~4.0.0' },
202 silly install resolved     license: 'MIT',
202 silly install resolved     bugs: { url: 'https://github.com/nodejs/nan/issues' },
202 silly install resolved     homepage: 'https://github.com/nodejs/nan#readme',
202 silly install resolved     _id: 'nan@2.3.5',
202 silly install resolved     _shasum: '822a0dc266290ce4cd3a12282ca3e7e364668a08',
202 silly install resolved     _resolved: 'https://registry.npmjs.org/nan/-/nan-2.3.5.tgz',
202 silly install resolved     _from: 'nan@2.3.5',
202 silly install resolved     _npmVersion: '3.3.6',
202 silly install resolved     _nodeVersion: '5.0.0',
202 silly install resolved     _npmUser: { name: 'kkoopa', email: 'bbyholm@abo.fi' },
202 silly install resolved     dist:
202 silly install resolved      { shasum: '822a0dc266290ce4cd3a12282ca3e7e364668a08',
202 silly install resolved        tarball: 'https://registry.npmjs.org/nan/-/nan-2.3.5.tgz' },
202 silly install resolved     maintainers: [ [Object], [Object] ],
202 silly install resolved     _npmOperationalInternal:
202 silly install resolved      { host: 'packages-12-west.internal.npmjs.com',
202 silly install resolved        tmp: 'tmp/nan-2.3.5.tgz_1464707164994_0.4295874561648816' },
202 silly install resolved     directories: {} } ]
203 info install bindings@1.2.1 into C:\Users\Thodoris\Documents\GitHub\retrobook\node_modules\bcrypt
204 info install nan@2.3.5 into C:\Users\Thodoris\Documents\GitHub\retrobook\node_modules\bcrypt
205 info installOne bindings@1.2.1
206 verbose installOne of bindings to C:\Users\Thodoris\Documents\GitHub\retrobook\node_modules\bcrypt not in flight; installing
207 verbose correctMkdir C:\Users\Thodoris\AppData\Roaming\npm-cache\_locks correctMkdir not in flight; initializing
208 info installOne nan@2.3.5
209 verbose installOne of nan to C:\Users\Thodoris\Documents\GitHub\retrobook\node_modules\bcrypt not in flight; installing
210 verbose correctMkdir C:\Users\Thodoris\AppData\Roaming\npm-cache\_locks correctMkdir not in flight; initializing
211 verbose lock using C:\Users\Thodoris\AppData\Roaming\npm-cache\_locks\bindings-c6a20dba6e420432.lock for C:\Users\Thodoris\Documents\GitHub\retrobook\node_modules\bcrypt\node_modules\bindings
212 silly install write writing bindings 1.2.1 to C:\Users\Thodoris\Documents\GitHub\retrobook\node_modules\bcrypt\node_modules\bindings
213 verbose lock using C:\Users\Thodoris\AppData\Roaming\npm-cache\_locks\nan-5d4f2f37b24bec7b.lock for C:\Users\Thodoris\Documents\GitHub\retrobook\node_modules\bcrypt\node_modules\nan
214 silly install write writing nan 2.3.5 to C:\Users\Thodoris\Documents\GitHub\retrobook\node_modules\bcrypt\node_modules\nan
215 verbose unbuild node_modules\bcrypt\node_modules\bindings
216 verbose unbuild node_modules\bcrypt\node_modules\nan
217 silly gentlyRm C:\Users\Thodoris\Documents\GitHub\retrobook\node_modules\bcrypt\node_modules\bindings is being purged from base C:\Users\Thodoris\Documents\GitHub\retrobook
218 verbose gentlyRm don't care about contents; nuking C:\Users\Thodoris\Documents\GitHub\retrobook\node_modules\bcrypt\node_modules\bindings
219 silly gentlyRm C:\Users\Thodoris\Documents\GitHub\retrobook\node_modules\bcrypt\node_modules\nan is being purged from base C:\Users\Thodoris\Documents\GitHub\retrobook
220 verbose gentlyRm don't care about contents; nuking C:\Users\Thodoris\Documents\GitHub\retrobook\node_modules\bcrypt\node_modules\nan
221 verbose tar unpack C:\Users\Thodoris\AppData\Roaming\npm-cache\bindings\1.2.1\package.tgz
222 verbose tar unpacking to C:\Users\Thodoris\Documents\GitHub\retrobook\node_modules\bcrypt\node_modules\bindings
223 silly gentlyRm C:\Users\Thodoris\Documents\GitHub\retrobook\node_modules\bcrypt\node_modules\bindings is being purged
224 verbose gentlyRm don't care about contents; nuking C:\Users\Thodoris\Documents\GitHub\retrobook\node_modules\bcrypt\node_modules\bindings
225 verbose tar unpack C:\Users\Thodoris\AppData\Roaming\npm-cache\nan\2.3.5\package.tgz
226 verbose tar unpacking to C:\Users\Thodoris\Documents\GitHub\retrobook\node_modules\bcrypt\node_modules\nan
227 silly gentlyRm C:\Users\Thodoris\Documents\GitHub\retrobook\node_modules\bcrypt\node_modules\nan is being purged
228 verbose gentlyRm don't care about contents; nuking C:\Users\Thodoris\Documents\GitHub\retrobook\node_modules\bcrypt\node_modules\nan
229 silly gunzTarPerm modes [ '777', '666' ]
230 silly gunzTarPerm modes [ '777', '666' ]
231 silly gunzTarPerm extractEntry package.json
232 silly gunzTarPerm modified mode [ 'package.json', 420, 438 ]
233 silly gunzTarPerm extractEntry package.json
234 silly gunzTarPerm modified mode [ 'package.json', 436, 438 ]
235 silly gunzTarPerm extractEntry README.md
236 silly gunzTarPerm modified mode [ 'README.md', 420, 438 ]
237 silly gunzTarPerm extractEntry bindings.js
238 silly gunzTarPerm modified mode [ 'bindings.js', 420, 438 ]
239 silly gunzTarPerm extractEntry README.md
240 silly gunzTarPerm modified mode [ 'README.md', 436, 438 ]
241 silly gunzTarPerm extractEntry include_dirs.js
242 silly gunzTarPerm modified mode [ 'include_dirs.js', 436, 438 ]
243 silly gunzTarPerm extractEntry nan_converters.h
244 silly gunzTarPerm modified mode [ 'nan_converters.h', 436, 438 ]
245 silly gunzTarPerm extractEntry LICENSE.md
246 silly gunzTarPerm modified mode [ 'LICENSE.md', 436, 438 ]
247 silly gunzTarPerm extractEntry doc/node_misc.md
248 silly gunzTarPerm modified mode [ 'doc/node_misc.md', 436, 438 ]
249 silly gunzTarPerm extractEntry doc/asyncworker.md
250 silly gunzTarPerm modified mode [ 'doc/asyncworker.md', 436, 438 ]
251 silly gunzTarPerm extractEntry doc/callback.md
252 silly gunzTarPerm modified mode [ 'doc/callback.md', 436, 438 ]
253 silly gunzTarPerm extractEntry doc/converters.md
254 silly gunzTarPerm modified mode [ 'doc/converters.md', 436, 438 ]
255 silly gunzTarPerm extractEntry doc/errors.md
256 silly gunzTarPerm modified mode [ 'doc/errors.md', 436, 438 ]
257 silly gunzTarPerm extractEntry doc/maybe_types.md
258 silly gunzTarPerm modified mode [ 'doc/maybe_types.md', 436, 438 ]
259 silly gunzTarPerm extractEntry doc/methods.md
260 silly gunzTarPerm modified mode [ 'doc/methods.md', 436, 438 ]
261 silly gunzTarPerm extractEntry doc/new.md
262 silly gunzTarPerm modified mode [ 'doc/new.md', 436, 438 ]
263 silly gunzTarPerm extractEntry doc/buffers.md
264 silly gunzTarPerm modified mode [ 'doc/buffers.md', 436, 438 ]
265 silly gunzTarPerm extractEntry doc/object_wrappers.md
266 silly gunzTarPerm modified mode [ 'doc/object_wrappers.md', 436, 438 ]
267 verbose write writing to C:\Users\Thodoris\Documents\GitHub\retrobook\node_modules\bcrypt\node_modules\bindings\package.json
268 info preinstall bindings@1.2.1
269 silly gunzTarPerm extractEntry doc/persistent.md
270 silly gunzTarPerm modified mode [ 'doc/persistent.md', 436, 438 ]
271 silly gunzTarPerm extractEntry doc/scopes.md
272 silly gunzTarPerm modified mode [ 'doc/scopes.md', 436, 438 ]
273 verbose readDependencies loading dependencies from C:\Users\Thodoris\Documents\GitHub\retrobook\node_modules\bcrypt\node_modules\bindings\package.json
274 silly gunzTarPerm extractEntry doc/script.md
275 silly gunzTarPerm modified mode [ 'doc/script.md', 436, 438 ]
276 silly gunzTarPerm extractEntry doc/string_bytes.md
277 silly gunzTarPerm modified mode [ 'doc/string_bytes.md', 436, 438 ]
278 verbose readDependencies loading dependencies from C:\Users\Thodoris\Documents\GitHub\retrobook\node_modules\bcrypt\node_modules\bindings\package.json
279 silly gunzTarPerm extractEntry doc/v8_internals.md
280 silly gunzTarPerm modified mode [ 'doc/v8_internals.md', 436, 438 ]
281 silly gunzTarPerm extractEntry doc/v8_misc.md
282 silly gunzTarPerm modified mode [ 'doc/v8_misc.md', 436, 438 ]
283 silly install resolved []
284 verbose about to build C:\Users\Thodoris\Documents\GitHub\retrobook\node_modules\bcrypt\node_modules\bindings
285 info build C:\Users\Thodoris\Documents\GitHub\retrobook\node_modules\bcrypt\node_modules\bindings
286 silly gunzTarPerm extractEntry nan.h
287 silly gunzTarPerm modified mode [ 'nan.h', 436, 438 ]
288 silly gunzTarPerm extractEntry nan_callbacks.h
289 silly gunzTarPerm modified mode [ 'nan_callbacks.h', 436, 438 ]
290 silly gunzTarPerm extractEntry nan_callbacks_12_inl.h
291 silly gunzTarPerm modified mode [ 'nan_callbacks_12_inl.h', 436, 438 ]
292 silly gunzTarPerm extractEntry nan_callbacks_pre_12_inl.h
293 silly gunzTarPerm modified mode [ 'nan_callbacks_pre_12_inl.h', 436, 438 ]
294 silly gunzTarPerm extractEntry nan_converters_43_inl.h
295 silly gunzTarPerm modified mode [ 'nan_converters_43_inl.h', 436, 438 ]
296 silly gunzTarPerm extractEntry nan_converters_pre_43_inl.h
297 silly gunzTarPerm modified mode [ 'nan_converters_pre_43_inl.h', 436, 438 ]
298 silly gunzTarPerm extractEntry nan_implementation_12_inl.h
299 silly gunzTarPerm modified mode [ 'nan_implementation_12_inl.h', 436, 438 ]
300 silly gunzTarPerm extractEntry nan_implementation_pre_12_inl.h
301 silly gunzTarPerm modified mode [ 'nan_implementation_pre_12_inl.h', 436, 438 ]
302 silly gunzTarPerm extractEntry nan_maybe_43_inl.h
303 silly gunzTarPerm modified mode [ 'nan_maybe_43_inl.h', 436, 438 ]
304 silly gunzTarPerm extractEntry nan_maybe_pre_43_inl.h
305 silly gunzTarPerm modified mode [ 'nan_maybe_pre_43_inl.h', 436, 438 ]
306 silly gunzTarPerm extractEntry nan_new.h
307 silly gunzTarPerm modified mode [ 'nan_new.h', 436, 438 ]
308 silly gunzTarPerm extractEntry nan_object_wrap.h
309 silly gunzTarPerm modified mode [ 'nan_object_wrap.h', 436, 438 ]
310 silly gunzTarPerm extractEntry nan_persistent_12_inl.h
311 silly gunzTarPerm modified mode [ 'nan_persistent_12_inl.h', 436, 438 ]
312 silly gunzTarPerm extractEntry nan_persistent_pre_12_inl.h
313 silly gunzTarPerm modified mode [ 'nan_persistent_pre_12_inl.h', 436, 438 ]
314 silly gunzTarPerm extractEntry nan_string_bytes.h
315 silly gunzTarPerm modified mode [ 'nan_string_bytes.h', 436, 438 ]
316 silly gunzTarPerm extractEntry nan_typedarray_contents.h
317 silly gunzTarPerm modified mode [ 'nan_typedarray_contents.h', 436, 438 ]
318 silly gunzTarPerm extractEntry nan_weak.h
319 silly gunzTarPerm modified mode [ 'nan_weak.h', 436, 438 ]
320 silly gunzTarPerm extractEntry CHANGELOG.md
321 silly gunzTarPerm modified mode [ 'CHANGELOG.md', 436, 438 ]
322 silly gunzTarPerm extractEntry tools/package.json
323 silly gunzTarPerm modified mode [ 'tools/package.json', 436, 438 ]
324 silly gunzTarPerm extractEntry tools/README.md
325 silly gunzTarPerm modified mode [ 'tools/README.md', 436, 438 ]
326 silly gunzTarPerm extractEntry tools/1to2.js
327 silly gunzTarPerm modified mode [ 'tools/1to2.js', 509, 511 ]
328 info linkStuff bindings@1.2.1
329 silly linkStuff bindings@1.2.1 has C:\Users\Thodoris\Documents\GitHub\retrobook\node_modules\bcrypt\node_modules as its parent node_modules
330 verbose linkBins bindings@1.2.1
331 verbose linkMans bindings@1.2.1
332 verbose rebuildBundles bindings@1.2.1
333 info install bindings@1.2.1
334 info postinstall bindings@1.2.1
335 verbose unlock done using C:\Users\Thodoris\AppData\Roaming\npm-cache\_locks\bindings-c6a20dba6e420432.lock for C:\Users\Thodoris\Documents\GitHub\retrobook\node_modules\bcrypt\node_modules\bindings
336 verbose write writing to C:\Users\Thodoris\Documents\GitHub\retrobook\node_modules\bcrypt\node_modules\nan\package.json
337 info preinstall nan@2.3.5
338 verbose readDependencies loading dependencies from C:\Users\Thodoris\Documents\GitHub\retrobook\node_modules\bcrypt\node_modules\nan\package.json
339 verbose readDependencies loading dependencies from C:\Users\Thodoris\Documents\GitHub\retrobook\node_modules\bcrypt\node_modules\nan\package.json
340 silly install resolved []
341 verbose about to build C:\Users\Thodoris\Documents\GitHub\retrobook\node_modules\bcrypt\node_modules\nan
342 info build C:\Users\Thodoris\Documents\GitHub\retrobook\node_modules\bcrypt\node_modules\nan
343 info linkStuff nan@2.3.5
344 silly linkStuff nan@2.3.5 has C:\Users\Thodoris\Documents\GitHub\retrobook\node_modules\bcrypt\node_modules as its parent node_modules
345 verbose linkBins nan@2.3.5
346 verbose linkMans nan@2.3.5
347 verbose rebuildBundles nan@2.3.5
348 info install nan@2.3.5
349 info postinstall nan@2.3.5
350 verbose unlock done using C:\Users\Thodoris\AppData\Roaming\npm-cache\_locks\nan-5d4f2f37b24bec7b.lock for C:\Users\Thodoris\Documents\GitHub\retrobook\node_modules\bcrypt\node_modules\nan
351 verbose about to build C:\Users\Thodoris\Documents\GitHub\retrobook\node_modules\bcrypt
352 info build C:\Users\Thodoris\Documents\GitHub\retrobook\node_modules\bcrypt
353 info linkStuff bcrypt@0.8.7
354 silly linkStuff bcrypt@0.8.7 has C:\Users\Thodoris\Documents\GitHub\retrobook\node_modules as its parent node_modules
355 verbose linkBins bcrypt@0.8.7
356 verbose linkMans bcrypt@0.8.7
357 verbose rebuildBundles bcrypt@0.8.7
358 verbose rebuildBundles [ 'bindings', 'nan' ]
359 info install bcrypt@0.8.7
360 verbose unsafe-perm in lifecycle true
361 info bcrypt@0.8.7 Failed to exec install script
362 verbose unlock done using C:\Users\Thodoris\AppData\Roaming\npm-cache\_locks\bcrypt-9446ae690d4ceb72.lock for C:\Users\Thodoris\Documents\GitHub\retrobook\node_modules\bcrypt
363 verbose stack Error: bcrypt@0.8.7 install: `node-gyp rebuild`
363 verbose stack Exit status 1
363 verbose stack     at EventEmitter.<anonymous> (C:\Program Files\nodejs\node_modules\npm\lib\utils\lifecycle.js:217:16)
363 verbose stack     at emitTwo (events.js:87:13)
363 verbose stack     at EventEmitter.emit (events.js:172:7)
363 verbose stack     at ChildProcess.<anonymous> (C:\Program Files\nodejs\node_modules\npm\lib\utils\spawn.js:24:14)
363 verbose stack     at emitTwo (events.js:87:13)
363 verbose stack     at ChildProcess.emit (events.js:172:7)
363 verbose stack     at maybeClose (internal/child_process.js:827:16)
363 verbose stack     at Process.ChildProcess._handle.onexit (internal/child_process.js:211:5)
364 verbose pkgid bcrypt@0.8.7
365 verbose cwd C:\Users\Thodoris\Documents\GitHub\retrobook
366 error Windows_NT 6.1.7601
367 error argv "C:\\Program Files\\nodejs\\node.exe" "C:\\Program Files\\nodejs\\node_modules\\npm\\bin\\npm-cli.js" "install" "--save" "bcrypt"
368 error node v4.4.7
369 error npm  v2.15.8
370 error code ELIFECYCLE
371 error bcrypt@0.8.7 install: `node-gyp rebuild`
371 error Exit status 1
372 error Failed at the bcrypt@0.8.7 install script 'node-gyp rebuild'.
372 error This is most likely a problem with the bcrypt package,
372 error not with npm itself.
372 error Tell the author that this fails on your system:
372 error     node-gyp rebuild
372 error You can get information on how to open an issue for this project with:
372 error     npm bugs bcrypt
372 error Or if that isn't available, you can get their info via:
372 error
372 error     npm owner ls bcrypt
372 error There is likely additional logging output above.
373 verbose exit [ 1, true ]
374 verbose unbuild node_modules\bcrypt
375 info preuninstall bcrypt@0.8.7
376 info uninstall bcrypt@0.8.7
377 verbose unbuild rmStuff bcrypt@0.8.7 from C:\Users\Thodoris\Documents\GitHub\retrobook\node_modules
378 info postuninstall bcrypt@0.8.7
379 silly gentlyRm C:\Users\Thodoris\Documents\GitHub\retrobook\node_modules\bcrypt is being purged from base C:\Users\Thodoris\Documents\GitHub\retrobook
380 verbose gentlyRm don't care about contents; nuking C:\Users\Thodoris\Documents\GitHub\retrobook\node_modules\bcrypt
381 silly vacuum-fs purging C:\Users\Thodoris\Documents\GitHub\retrobook\node_modules\bcrypt
382 silly vacuum-fs quitting because other entries in C:\Users\Thodoris\Documents\GitHub\retrobook\node_modules
